[null] Connecting: /2605:a000:110d:4020:ddc8:a41:a0ef:9ac8:7576/7576
[kryonet] Port 56231/TCP connected to: /2605:a000:110d:4020:ddc8:a41:a0ef:9ac8:7576
[kryo] Read: RegisterTCP
[kryo] Write: RegisterUDP
[kryo] Read: RegisterUDP
[kryonet] Port 32849/UDP connected to: /2605:a000:110d:4020:ddc8:a41:a0ef:9ac8:7576
[kryonet] Connection 6 connected: /2605:a000:110d:4020:ddc8:a41:a0ef:9ac8
[kryo] Write: ConnectPacket
[kryonet] Connection 6 sent TCP: ConnectPacket (12)
Connecting to server..
[kryo] Read: DataPacket
[kryonet] Connection 6 received TCP: DataPacket
Recieved data packet.
[kryo] Read: WorldUpdatePacket
[kryonet] Connection 6 received TCP: WorldUpdatePacket
[kryo] Read: WorldUpdatePacket
[kryonet] Connection 6 received TCP: WorldUpdatePacket
[kryo] Read: WorldUpdatePacket
[kryonet] Connection 6 received TCP: WorldUpdatePacket
[kryo] Read: WorldUpdatePacket
[kryonet] Connection 6 received TCP: WorldUpdatePacket
[kryo] Read: WorldUpdatePacket
[kryonet] Connection 6 received TCP: WorldUpdatePacket
[kryo] Read: WorldUpdatePacket
[kryonet] Connection 6 received TCP: WorldUpdatePacket
[kryo] Read: WorldUpdatePacket
[kryonet] Connection 6 received TCP: WorldUpdatePacket
[kryo] Read: WorldUpdatePacket
[kryonet] Connection 6 received TCP: WorldUpdatePacket
[kryo] Read: WorldUpdatePacket
[kryonet] Connection 6 received TCP: WorldUpdatePacket
[kryo] Read: WorldUpdatePacket
[kryonet] Connection 6 received TCP: WorldUpdatePacket
[kryo] Read: WorldUpdatePacket
[kryonet] Connection 6 received TCP: WorldUpdatePacket
[kryo] Read: WorldUpdatePacket
[kryonet] Connection 6 received TCP: WorldUpdatePacket
[kryo] Read: WorldUpdatePacket
[kryonet] Connection 6 received TCP: WorldUpdatePacket
[kryo] Read: WorldUpdatePacket
[kryonet] Connection 6 received TCP: WorldUpdatePacket
[kryo] Read: WorldUpdatePacket
[kryonet] Connection 6 received TCP: WorldUpdatePacket
[kryo] Read: WorldUpdatePacket
[kryonet] Connection 6 received TCP: WorldUpdatePacket
[kryo] Read: WorldUpdatePacket
[kryonet] Connection 6 received TCP: WorldUpdatePacket
[kryo] Read: WorldUpdatePacket
[kryonet] Connection 6 received TCP: WorldUpdatePacket
[kryo] Read: WorldUpdatePacket
[kryonet] Connection 6 received TCP: WorldUpdatePacket
[kryo] Read: WorldUpdatePacket
[kryonet] Connection 6 received TCP: WorldUpdatePacket
[kryo] Read: WorldUpdatePacket
[kryonet] Connection 6 received TCP: WorldUpdatePacket
[kryo] Read: WorldUpdatePacket
[kryonet] Connection 6 received TCP: WorldUpdatePacket
[kryo] Read: WorldUpdatePacket
[kryonet] Connection 6 received TCP: WorldUpdatePacket
[kryo] Read: WorldUpdatePacket
[kryonet] Connection 6 received TCP: WorldUpdatePacket
[kryo] Read: WorldUpdatePacket
[kryonet] Connection 6 received TCP: WorldUpdatePacket
[kryo] Read: Bullet
[kryonet] Connection 6 received TCP: Bullet
[kryo] Read: WorldUpdatePacket
[kryonet] Connection 6 received TCP: WorldUpdatePacket
[kryo] Read: WorldUpdatePacket
[kryonet] Connection 6 received TCP: WorldUpdatePacket
[kryo] Read: WorldUpdatePacket
[kryonet] Connection 6 received TCP: WorldUpdatePacket
[kryo] Read: WorldUpdatePacket
[kryonet] Connection 6 received TCP: WorldUpdatePacket
[kryo] Read: WorldUpdatePacket
[kryonet] Connection 6 received TCP: WorldUpdatePacket
[kryo] Read: WorldUpdatePacket
[kryonet] Connection 6 received TCP: WorldUpdatePacket
[kryo] Read: Bullet
[kryonet] Connection 6 received TCP: Bullet
[kryo] Read: WorldUpdatePacket
[kryonet] Connection 6 received TCP: WorldUpdatePacket
[kryo] Read: Bullet
[kryonet] Connection 6 received TCP: Bullet
[kryo] Read: Bullet
[kryonet] Connection 6 received TCP: Bullet
[kryo] Read: WorldUpdatePacket
[kryonet] Connection 6 received TCP: WorldUpdatePacket
[kryo] Read: Bullet
[kryonet] Connection 6 received TCP: Bullet
[kryo] Read: Bullet
[kryonet] Connection 6 received TCP: Bullet
[kryo] Read: WorldUpdatePacket
[kryonet] Connection 6 received TCP: WorldUpdatePacket
[kryo] Read: ExplosionEffect
[kryonet] Connection 6 received TCP: ExplosionEffect
[kryo] Read: EntityRemovePacket
[kryonet] Connection 6 received TCP: EntityRemovePacket
[kryo] Read: Bullet
[kryonet] Connection 6 received TCP: Bullet
[kryo] Read: Bullet
[kryonet] Connection 6 received TCP: Bullet
[kryo] Read: WorldUpdatePacket
[kryonet] Connection 6 received TCP: WorldUpdatePacket
[kryo] Write: PositionPacket
[kryonet] Connection 6 sent TCP: PositionPacket (26)
[kryo] Read: WorldUpdatePacket
[kryonet] Connection 6 received TCP: WorldUpdatePacket
[kryo] Read: WorldUpdatePacket
[kryonet] Connection 6 received TCP: WorldUpdatePacket
[kryo] Read: WorldUpdatePacket
[kryonet] Connection 6 received TCP: WorldUpdatePacket
[kryo] Read: Bullet
[kryonet] Connection 6 received TCP: Bullet
[kryo] Read: Bullet
[kryonet] Connection 6 received TCP: Bullet
[kryo] Write: PositionPacket
[kryonet] Connection 6 sent TCP: PositionPacket (26)
[kryo] Read: Bullet
[kryonet] Connection 6 received TCP: Bullet
[kryo] Read: Bullet
[kryonet] Connection 6 received TCP: Bullet
[kryo] Read: WorldUpdatePacket
[kryonet] Connection 6 received TCP: WorldUpdatePacket
[kryo] Read: Bullet
[kryonet] Connection 6 received TCP: Bullet
[kryo] Read: Bullet
[kryonet] Connection 6 received TCP: Bullet
[kryo] Write: PositionPacket
[kryonet] Connection 6 sent TCP: PositionPacket (26)
[kryo] Read: WorldUpdatePacket
[kryonet] Connection 6 received TCP: WorldUpdatePacket
[kryo] Write: PositionPacket
[kryonet] Connection 6 sent TCP: PositionPacket (26)
[kryo] Read: WorldUpdatePacket
[kryonet] Connection 6 received TCP: WorldUpdatePacket
[kryo] Write: PositionPacket
[kryonet] Connection 6 sent TCP: PositionPacket (26)
[kryo] Read: Bullet
[kryonet] Connection 6 received TCP: Bullet
[kryo] Read: Bullet
[kryonet] Connection 6 received TCP: Bullet
[kryo] Read: WorldUpdatePacket
[kryonet] Connection 6 received TCP: WorldUpdatePacket
[kryo] Write: PositionPacket
[kryonet] Connection 6 sent TCP: PositionPacket (26)
[kryo] Read: Bullet
[kryonet] Connection 6 received TCP: Bullet
[kryo] Read: Bullet
[kryonet] Connection 6 received TCP: Bullet
[kryo] Read: WorldUpdatePacket
[kryonet] Connection 6 received TCP: WorldUpdatePacket
[kryo] Write: PositionPacket
[kryonet] Connection 6 sent TCP: PositionPacket (26)
[kryo] Read: WorldUpdatePacket
[kryonet] Connection 6 received TCP: WorldUpdatePacket
[kryo] Write: PositionPacket
[kryonet] Connection 6 sent TCP: PositionPacket (26)
[kryo] Read: Bullet
[kryonet] Connection 6 received TCP: Bullet
[kryo] Read: Bullet
[kryonet] Connection 6 received TCP: Bullet
[kryo] Read: WorldUpdatePacket
[kryonet] Connection 6 received TCP: WorldUpdatePacket
[kryo] Write: PositionPacket
[kryonet] Connection 6 sent TCP: PositionPacket (26)
[kryo] Read: WorldUpdatePacket
[kryonet] Connection 6 received TCP: WorldUpdatePacket
[kryo] Write: PositionPacket
[kryonet] Connection 6 sent TCP: PositionPacket (26)
[kryo] Read: WorldUpdatePacket
[kryonet] Connection 6 received TCP: WorldUpdatePacket
[kryo] Read: Bullet
[kryonet] Connection 6 received TCP: Bullet
[kryo] Read: Bullet
[kryonet] Connection 6 received TCP: Bullet
[kryo] Write: PositionPacket
[kryo] Read: WorldUpdatePacket
[kryonet] Connection 6 received TCP: WorldUpdatePacket
[kryonet] Connection 6 sent TCP: PositionPacket (26)
[kryo] Write: PositionPacket
[kryonet] Connection 6 sent TCP: PositionPacket (26)
[kryo] Read: Bullet
[kryonet] Connection 6 received TCP: Bullet
[kryo] Read: Bullet
[kryonet] Connection 6 received TCP: Bullet
[kryo] Read: WorldUpdatePacket
[kryonet] Connection 6 received TCP: WorldUpdatePacket
[kryo] Write: PositionPacket
[kryonet] Connection 6 sent TCP: PositionPacket (26)
[kryo] Read: WorldUpdatePacket
[kryonet] Connection 6 received TCP: WorldUpdatePacket
[kryo] Read: Bullet
[kryonet] Connection 6 received TCP: Bullet
[kryo] Write: PositionPacket
[kryonet] Connection 6 sent TCP: PositionPacket (26)
[kryo] Read: WorldUpdatePacket
[kryonet] Connection 6 received TCP: WorldUpdatePacket
[kryo] Write: PositionPacket
[kryonet] Connection 6 sent TCP: PositionPacket (26)
[kryo] Read: WorldUpdatePacket
[kryonet] Connection 6 received TCP: WorldUpdatePacket
[kryo] Write: PositionPacket
[kryonet] Connection 6 sent TCP: PositionPacket (26)
[kryo] Read: WorldUpdatePacket
[kryonet] Connection 6 received TCP: WorldUpdatePacket
[kryo] Read: Bullet
[kryonet] Connection 6 received TCP: Bullet
[kryo] Read: Bullet
[kryonet] Connection 6 received TCP: Bullet
[kryo] Read: WorldUpdatePacket
[kryonet] Connection 6 received TCP: WorldUpdatePacket
[kryo] Write: PositionPacket
[kryonet] Connection 6 sent TCP: PositionPacket (26)
[kryo] Write: PositionPacket
[kryonet] Connection 6 sent TCP: PositionPacket (26)
[kryo] Read: WorldUpdatePacket
[kryonet] Connection 6 received TCP: WorldUpdatePacket
[kryo] Write: PositionPacket
[kryonet] Connection 6 sent TCP: PositionPacket (26)
[kryo] Read: WorldUpdatePacket
[kryonet] Connection 6 received TCP: WorldUpdatePacket
[kryo] Read: Bullet
[kryonet] Connection 6 received TCP: Bullet
[kryo] Read: Bullet
[kryonet] Connection 6 received TCP: Bullet
[kryo] Write: PositionPacket
[kryonet] Connection 6 sent TCP: PositionPacket (26)
[kryo] Read: WorldUpdatePacket
[kryonet] Connection 6 received TCP: WorldUpdatePacket
[kryo] Write: PositionPacket
[kryonet] Connection 6 sent TCP: PositionPacket (26)
[kryo] Read: WorldUpdatePacket
[kryonet] Connection 6 received TCP: WorldUpdatePacket
[kryo] Write: PositionPacket
[kryonet] Connection 6 sent TCP: PositionPacket (26)
[kryo] Read: WorldUpdatePacket
[kryonet] Connection 6 received TCP: WorldUpdatePacket
[kryo] Write: PositionPacket
[kryonet] Connection 6 sent TCP: PositionPacket (26)
[kryo] Read: WorldUpdatePacket
[kryonet] Connection 6 received TCP: WorldUpdatePacket
[kryo] Read: WorldUpdatePacket
[kryonet] Connection 6 received TCP: WorldUpdatePacket
[kryo] Read: ExplosionEffect
[kryonet] Connection 6 received TCP: ExplosionEffect
[kryo] Read: EntityRemovePacket
[kryonet] Connection 6 received TCP: EntityRemovePacket
[kryo] Read: ExplosionEffect
[kryonet] Connection 6 received TCP: ExplosionEffect
[kryo] Write: PositionPacket
[kryonet] Connection 6 sent TCP: PositionPacket (26)
[kryo] Read: EntityRemovePacket
[kryonet] Connection 6 received TCP: EntityRemovePacket
[kryo] Read: WorldUpdatePacket
[kryonet] Connection 6 received TCP: WorldUpdatePacket
[kryo] Write: PositionPacket
[kryonet] Connection 6 sent TCP: PositionPacket (26)
[kryo] Read: WorldUpdatePacket
[kryonet] Connection 6 received TCP: WorldUpdatePacket
[kryo] Write: PositionPacket
[kryonet] Connection 6 sent TCP: PositionPacket (26)
[kryo] Read: WorldUpdatePacket
[kryonet] Connection 6 received TCP: WorldUpdatePacket
[kryo] Write: PositionPacket
[kryonet] Connection 6 sent TCP: PositionPacket (26)
[kryo] Read: WorldUpdatePacket
[kryonet] Connection 6 received TCP: WorldUpdatePacket
[kryo] Write: PositionPacket
[kryonet] Connection 6 sent TCP: PositionPacket (26)
[kryo] Read: WorldUpdatePacket
[kryonet] Connection 6 received TCP: WorldUpdatePacket
[kryo] Write: PositionPacket
[kryonet] Connection 6 sent TCP: PositionPacket (26)
[kryo] Read: WorldUpdatePacket
[kryonet] Connection 6 received TCP: WorldUpdatePacket
[kryo] Write: PositionPacket
[kryonet] Connection 6 sent TCP: PositionPacket (26)
[kryo] Read: WorldUpdatePacket
[kryonet] Connection 6 received TCP: WorldUpdatePacket
[kryo] Write: PositionPacket
[kryonet] Connection 6 sent TCP: PositionPacket (26)
[kryo] Read: WorldUpdatePacket
[kryonet] Connection 6 received TCP: WorldUpdatePacket
[kryo] Write: PositionPacket
[kryonet] Connection 6 sent TCP: PositionPacket (26)
[kryo] Read: WorldUpdatePacket
[kryonet] Connection 6 received TCP: WorldUpdatePacket
[kryo] Read: Bullet
[kryonet] Connection 6 received TCP: Bullet
[kryo] Read: Bullet
[kryonet] Connection 6 received TCP: Bullet
[kryo] Write: PositionPacket
[kryonet] Connection 6 sent TCP: PositionPacket (26)
[kryo] Read: WorldUpdatePacket
[kryonet] Connection 6 received TCP: WorldUpdatePacket
[kryo] Read: Bullet
[kryonet] Connection 6 received TCP: Bullet
[kryo] Read: Bullet
[kryonet] Connection 6 received TCP: Bullet
[kryo] Write: PositionPacket
[kryonet] Connection 6 sent TCP: PositionPacket (26)
[kryo] Read: WorldUpdatePacket
[kryonet] Connection 6 received TCP: WorldUpdatePacket
[kryo] Read: Bullet
[kryonet] Connection 6 received TCP: Bullet
[kryo] Read: Bullet
[kryonet] Connection 6 received TCP: Bullet
[kryo] Write: PositionPacket
[kryonet] Connection 6 sent TCP: PositionPacket (26)
[kryo] Read: WorldUpdatePacket
[kryonet] Connection 6 received TCP: WorldUpdatePacket
[kryo] Write: PositionPacket
[kryonet] Connection 6 sent TCP: PositionPacket (26)
[kryo] Read: WorldUpdatePacket
[kryonet] Connection 6 received TCP: WorldUpdatePacket
[kryo] Read: ExplosionEffect
[kryonet] Connection 6 received TCP: ExplosionEffect
[kryo] Read: EntityRemovePacket
[kryonet] Connection 6 received TCP: EntityRemovePacket
[kryo] Read: ExplosionEffect
[kryonet] Connection 6 received TCP: ExplosionEffect
[kryo] Read: EntityRemovePacket
[kryonet] Connection 6 received TCP: EntityRemovePacket
[kryo] Write: PositionPacket
[kryonet] Connection 6 sent TCP: PositionPacket (26)
[kryo] Read: Bullet
[kryonet] Connection 6 received TCP: Bullet
[kryo] Read: Bullet
[kryonet] Connection 6 received TCP: Bullet
[kryo] Read: WorldUpdatePacket
[kryonet] Connection 6 received TCP: WorldUpdatePacket
[kryo] Read: Bullet
[kryonet] Connection 6 received TCP: Bullet
[kryo] Read: Bullet
[kryonet] Connection 6 received TCP: Bullet
[kryo] Write: PositionPacket
[kryonet] Connection 6 sent TCP: PositionPacket (26)
[kryo] Read: WorldUpdatePacket
[kryonet] Connection 6 received TCP: WorldUpdatePacket
[kryo] Write: PositionPacket
[kryonet] Connection 6 sent TCP: PositionPacket (26)
[kryo] Read: Bullet
[kryonet] Connection 6 received TCP: Bullet
[kryo] Read: Bullet
[kryonet] Connection 6 received TCP: Bullet
[kryo] Read: WorldUpdatePacket
[kryonet] Connection 6 received TCP: WorldUpdatePacket
[kryo] Write: PositionPacket
[kryonet] Connection 6 sent TCP: PositionPacket (26)
[kryo] Read: WorldUpdatePacket
[kryonet] Connection 6 received TCP: WorldUpdatePacket
[kryo] Write: PositionPacket
[kryonet] Connection 6 sent TCP: PositionPacket (26)
[kryo] Read: WorldUpdatePacket
[kryonet] Connection 6 received TCP: WorldUpdatePacket
[kryo] Write: PositionPacket
[kryonet] Connection 6 sent TCP: PositionPacket (26)
[kryo] Read: WorldUpdatePacket
[kryonet] Connection 6 received TCP: WorldUpdatePacket
[kryo] Read: Bullet
[kryonet] Connection 6 received TCP: Bullet
[kryo] Read: Bullet
[kryonet] Connection 6 received TCP: Bullet
[kryo] Write: PositionPacket
[kryo] Read: Bullet
[kryonet] Connection 6 received TCP: Bullet
[kryo] Read: Bullet
[kryonet] Connection 6 received TCP: Bullet
[kryo] Read: WorldUpdatePacket
[kryonet] Connection 6 received TCP: WorldUpdatePacket
[kryo] Read: Bullet
[kryonet] Connection 6 received TCP: Bullet
[kryo] Read: Bullet
[kryonet] Connection 6 received TCP: Bullet
[kryonet] Connection 6 sent TCP: PositionPacket (26)
[kryo] Write: PositionPacket
[kryonet] Connection 6 sent TCP: PositionPacket (26)
[kryo] Read: WorldUpdatePacket
[kryonet] Connection 6 received TCP: WorldUpdatePacket
[kryo] Read: ExplosionEffect
[kryonet] Connection 6 received TCP: ExplosionEffect
[kryo] Read: EntityRemovePacket
[kryonet] Connection 6 received TCP: EntityRemovePacket
[kryo] Read: ExplosionEffect
[kryonet] Connection 6 received TCP: ExplosionEffect
[kryo] Read: EntityRemovePacket
[kryonet] Connection 6 received TCP: EntityRemovePacket
[kryo] Read: ExplosionEffect
[kryonet] Connection 6 received TCP: ExplosionEffect
[kryo] Read: EntityRemovePacket
[kryonet] Connection 6 received TCP: EntityRemovePacket
[kryo] Read: ExplosionEffect
[kryonet] Connection 6 received TCP: ExplosionEffect
[kryo] Read: EntityRemovePacket
[kryonet] Connection 6 received TCP: EntityRemovePacket
[kryo] Write: PositionPacket
[kryonet] Connection 6 sent TCP: PositionPacket (26)
[kryo] Read: WorldUpdatePacket
[kryonet] Connection 6 received TCP: WorldUpdatePacket
[kryo] Write: PositionPacket
[kryonet] Connection 6 sent TCP: PositionPacket (26)
[kryo] Read: Bullet
[kryonet] Connection 6 received TCP: Bullet
[kryo] Read: Bullet
[kryonet] Connection 6 received TCP: Bullet
[kryo] Read: WorldUpdatePacket
[kryonet] Connection 6 received TCP: WorldUpdatePacket
[kryo] Read: ExplosionEffect
[kryonet] Connection 6 received TCP: ExplosionEffect
[kryo] Read: EntityRemovePacket
[kryonet] Connection 6 received TCP: EntityRemovePacket
[kryo] Read: ExplosionEffect
[kryonet] Connection 6 received TCP: ExplosionEffect
[kryo] Read: EntityRemovePacket
[kryonet] Connection 6 received TCP: EntityRemovePacket
[kryo] Write: PositionPacket
[kryo] Read: Bullet
[kryonet] Connection 6 received TCP: Bullet
[kryo] Read: Bullet
[kryonet] Connection 6 received TCP: Bullet
[kryo] Read: WorldUpdatePacket
[kryonet] Connection 6 received TCP: WorldUpdatePacket
[kryo] Read: Bullet
[kryonet] Connection 6 received TCP: Bullet
[kryonet] Connection 6 sent TCP: PositionPacket (26)
[kryo] Write: PositionPacket
[kryonet] Connection 6 sent TCP: PositionPacket (26)
[kryo] Read: Bullet
[kryonet] Connection 6 received TCP: Bullet
[kryo] Read: Bullet
[kryonet] Connection 6 received TCP: Bullet
[kryo] Read: WorldUpdatePacket
[kryonet] Connection 6 received TCP: WorldUpdatePacket
[kryo] Read: Bullet
[kryonet] Connection 6 received TCP: Bullet
[kryo] Write: PositionPacket
[kryonet] Connection 6 sent TCP: PositionPacket (26)
[kryo] Read: WorldUpdatePacket
[kryonet] Connection 6 received TCP: WorldUpdatePacket
[kryo] Read: Bullet
[kryonet] Connection 6 received TCP: Bullet
[kryo] Write: PositionPacket
[kryonet] Connection 6 sent TCP: PositionPacket (26)
[kryo] Read: WorldUpdatePacket
[kryonet] Connection 6 received TCP: WorldUpdatePacket
[kryo] Read: Bullet
[kryonet] Connection 6 received TCP: Bullet
[kryo] Read: Bullet
[kryonet] Connection 6 received TCP: Bullet
